<?xml version="1.0" encoding="UTF-8"?>
<!-- Generated by org.testng.reporters.JUnitReportReporter -->
<testsuite hostname="sayan_lp" failures="0" tests="1" name="Login.login" time="18.436" errors="0" timestamp="2023-03-03T12:17:05 IST" skipped="0">
  <testcase classname="Login.login" name="loginWand" time="18.436"/>
  <system-out/>
</testsuite> <!-- Login.login -->
